<?xml version="1.0" encoding="UTF-8"?>
<!-- Generated by org.testng.reporters.JUnitXMLReporter -->
<testsuite ignored="0" hostname="Vihang-Personal" failures="0" tests="4" name="All Tests" time="63.588" errors="0" timestamp="2025-07-16T12:44:56 NZST">
  <testcase classname="AddEmployeeTest" name="testAddEmployee" time="11.154"/>
  <testcase classname="LoginTest" name="testLoginWithMultipleData" time="2.723"/>
  <testcase classname="LoginTest" name="testLoginWithMultipleData" time="11.489"/>
  <testcase classname="LogoutTest" name="testLogout" time="5.605"/>
</testsuite> <!-- All Tests -->
